CRITICAL - 2024-09-29 16:12:31 --> CodeIgniter\View\Exceptions\ViewException: Invalid file: "Pages/ShoppingCart.php"
[Method: GET, Route: shoppingcart]
in SYSTEMPATH/Exceptions/FrameworkException.php on line 41.
 1 SYSTEMPATH/View/View.php(222): CodeIgniter\Exceptions\FrameworkException::forInvalidFile('Pages/ShoppingCart.php')
 2 SYSTEMPATH/Common.php(1171): CodeIgniter\View\View->render('Pages/ShoppingCart', [], true)
 3 APPPATH/Controllers/HomeController.php(49): view('Pages/ShoppingCart', [...])
 4 SYSTEMPATH/CodeIgniter.php(933): App\Controllers\HomeController->shoppingCart()
 5 SYSTEMPATH/CodeIgniter.php(509): CodeIgniter\CodeIgniter->runController(Object(App\Controllers\HomeController))
 6 SYSTEMPATH/CodeIgniter.php(355): CodeIgniter\CodeIgniter->handleRequest(null, Object(Config\Cache), false)
 7 SYSTEMPATH/Boot.php(325): CodeIgniter\CodeIgniter->run()
 8 SYSTEMPATH/Boot.php(67): CodeIgniter\Boot::runCodeIgniter(Object(CodeIgniter\CodeIgniter))
 9 FCPATH/index.php(56): CodeIgniter\Boot::bootWeb(Object(Config\Paths))
10 SYSTEMPATH/rewrite.php(44): require_once('/Users/pratamaone/Teknik Informatika/Project PHP/Codeigniter4/makaronicuaks/public/index.php')
CRITICAL - 2024-09-29 16:13:09 --> CodeIgniter\View\Exceptions\ViewException: Invalid file: "Products/ShoppingCart.php"
[Method: GET, Route: shoppingcart]
in SYSTEMPATH/Exceptions/FrameworkException.php on line 41.
 1 SYSTEMPATH/View/View.php(222): CodeIgniter\Exceptions\FrameworkException::forInvalidFile('Products/ShoppingCart.php')
 2 SYSTEMPATH/Common.php(1171): CodeIgniter\View\View->render('Products/ShoppingCart', [], true)
 3 APPPATH/Controllers/HomeController.php(49): view('Products/ShoppingCart', [...])
 4 SYSTEMPATH/CodeIgniter.php(933): App\Controllers\HomeController->shoppingCart()
 5 SYSTEMPATH/CodeIgniter.php(509): CodeIgniter\CodeIgniter->runController(Object(App\Controllers\HomeController))
 6 SYSTEMPATH/CodeIgniter.php(355): CodeIgniter\CodeIgniter->handleRequest(null, Object(Config\Cache), false)
 7 SYSTEMPATH/Boot.php(325): CodeIgniter\CodeIgniter->run()
 8 SYSTEMPATH/Boot.php(67): CodeIgniter\Boot::runCodeIgniter(Object(CodeIgniter\CodeIgniter))
 9 FCPATH/index.php(56): CodeIgniter\Boot::bootWeb(Object(Config\Paths))
10 SYSTEMPATH/rewrite.php(44): require_once('/Users/pratamaone/Teknik Informatika/Project PHP/Codeigniter4/makaronicuaks/public/index.php')
